{"/home/godlord/project/app.js": {"path":"/home/godlord/project/app.js","statementMap":{"0":{"start":{"line":1,"column":16},"end":{"line":1,"column":34}},"1":{"start":{"line":2,"column":12},"end":{"line":2,"column":21}},"2":{"start":{"line":3,"column":15},"end":{"line":3,"column":32}},"3":{"start":{"line":4,"column":19},"end":{"line":4,"column":43}},"4":{"start":{"line":5,"column":11},"end":{"line":5,"column":27}},"5":{"start":{"line":6,"column":13},"end":{"line":6,"column":28}},"6":{"start":{"line":7,"column":19},"end":{"line":7,"column":41}},"7":{"start":{"line":8,"column":13},"end":{"line":8,"column":37}},"8":{"start":{"line":9,"column":23},"end":{"line":9,"column":49}},"9":{"start":{"line":10,"column":12},"end":{"line":10,"column":26}},"10":{"start":{"line":11,"column":27},"end":{"line":11,"column":40}},"11":{"start":{"line":12,"column":23},"end":{"line":12,"column":29}},"12":{"start":{"line":12,"column":30},"end":{"line":12,"column":32}},"13":{"start":{"line":13,"column":21},"end":{"line":13,"column":50}},"14":{"start":{"line":14,"column":17},"end":{"line":14,"column":36}},"15":{"start":{"line":15,"column":16},"end":{"line":15,"column":42}},"16":{"start":{"line":16,"column":14},"end":{"line":16,"column":38}},"17":{"start":{"line":17,"column":22},"end":{"line":17,"column":47}},"18":{"start":{"line":18,"column":55},"end":{"line":18,"column":74}},"19":{"start":{"line":19,"column":27},"end":{"line":19,"column":58}},"20":{"start":{"line":20,"column":20},"end":{"line":20,"column":36}},"21":{"start":{"line":21,"column":17},"end":{"line":21,"column":45}},"22":{"start":{"line":22,"column":19},"end":{"line":22,"column":21}},"23":{"start":{"line":23,"column":0},"end":{"line":23,"column":27}},"24":{"start":{"line":24,"column":0},"end":{"line":24,"column":52}},"25":{"start":{"line":25,"column":0},"end":{"line":25,"column":49}},"26":{"start":{"line":26,"column":0},"end":{"line":26,"column":49}},"27":{"start":{"line":27,"column":0},"end":{"line":27,"column":30}},"28":{"start":{"line":28,"column":0},"end":{"line":28,"column":35}},"29":{"start":{"line":29,"column":0},"end":{"line":36,"column":4}},"30":{"start":{"line":37,"column":0},"end":{"line":37,"column":32}},"31":{"start":{"line":38,"column":0},"end":{"line":38,"column":65}},"32":{"start":{"line":38,"column":45},"end":{"line":38,"column":60}},"33":{"start":{"line":40,"column":0},"end":{"line":40,"column":31}},"34":{"start":{"line":41,"column":0},"end":{"line":41,"column":28}},"35":{"start":{"line":42,"column":0},"end":{"line":42,"column":17}},"36":{"start":{"line":43,"column":0},"end":{"line":75,"column":2}},"37":{"start":{"line":51,"column":6},"end":{"line":72,"column":11}},"38":{"start":{"line":53,"column":10},"end":{"line":55,"column":11}},"39":{"start":{"line":54,"column":12},"end":{"line":54,"column":81}},"40":{"start":{"line":56,"column":25},"end":{"line":56,"column":70}},"41":{"start":{"line":58,"column":10},"end":{"line":60,"column":11}},"42":{"start":{"line":59,"column":12},"end":{"line":59,"column":77}},"43":{"start":{"line":62,"column":10},"end":{"line":68,"column":11}},"44":{"start":{"line":63,"column":12},"end":{"line":63,"column":57}},"45":{"start":{"line":64,"column":17},"end":{"line":68,"column":11}},"46":{"start":{"line":65,"column":12},"end":{"line":65,"column":57}},"47":{"start":{"line":67,"column":12},"end":{"line":67,"column":71}},"48":{"start":{"line":71,"column":10},"end":{"line":71,"column":29}},"49":{"start":{"line":77,"column":0},"end":{"line":79,"column":3}},"50":{"start":{"line":78,"column":2},"end":{"line":78,"column":25}},"51":{"start":{"line":81,"column":0},"end":{"line":93,"column":3}},"52":{"start":{"line":82,"column":2},"end":{"line":92,"column":7}},"53":{"start":{"line":84,"column":6},"end":{"line":88,"column":7}},"54":{"start":{"line":85,"column":8},"end":{"line":85,"column":25}},"55":{"start":{"line":87,"column":8},"end":{"line":87,"column":61}},"56":{"start":{"line":91,"column":6},"end":{"line":91,"column":24}},"57":{"start":{"line":94,"column":0},"end":{"line":97,"column":3}},"58":{"start":{"line":95,"column":2},"end":{"line":95,"column":45}},"59":{"start":{"line":96,"column":2},"end":{"line":96,"column":9}},"60":{"start":{"line":98,"column":0},"end":{"line":101,"column":3}},"61":{"start":{"line":99,"column":2},"end":{"line":99,"column":36}},"62":{"start":{"line":100,"column":2},"end":{"line":100,"column":9}},"63":{"start":{"line":102,"column":0},"end":{"line":102,"column":30}},"64":{"start":{"line":103,"column":0},"end":{"line":115,"column":3}},"65":{"start":{"line":104,"column":2},"end":{"line":110,"column":3}},"66":{"start":{"line":105,"column":4},"end":{"line":109,"column":5}},"67":{"start":{"line":106,"column":6},"end":{"line":106,"column":43}},"68":{"start":{"line":108,"column":6},"end":{"line":108,"column":43}},"69":{"start":{"line":111,"column":2},"end":{"line":114,"column":5}},"70":{"start":{"line":116,"column":0},"end":{"line":120,"column":2}},"71":{"start":{"line":117,"column":4},"end":{"line":119,"column":6}},"72":{"start":{"line":121,"column":0},"end":{"line":125,"column":2}},"73":{"start":{"line":122,"column":2},"end":{"line":124,"column":4}},"74":{"start":{"line":127,"column":0},"end":{"line":178,"column":5}},"75":{"start":{"line":128,"column":2},"end":{"line":131,"column":3}},"76":{"start":{"line":129,"column":4},"end":{"line":129,"column":47}},"77":{"start":{"line":130,"column":4},"end":{"line":130,"column":40}},"78":{"start":{"line":132,"column":2},"end":{"line":135,"column":3}},"79":{"start":{"line":133,"column":4},"end":{"line":133,"column":56}},"80":{"start":{"line":134,"column":4},"end":{"line":134,"column":40}},"81":{"start":{"line":137,"column":2},"end":{"line":140,"column":3}},"82":{"start":{"line":138,"column":4},"end":{"line":138,"column":53}},"83":{"start":{"line":139,"column":4},"end":{"line":139,"column":40}},"84":{"start":{"line":142,"column":2},"end":{"line":145,"column":3}},"85":{"start":{"line":143,"column":4},"end":{"line":143,"column":52}},"86":{"start":{"line":144,"column":4},"end":{"line":144,"column":40}},"87":{"start":{"line":147,"column":2},"end":{"line":150,"column":3}},"88":{"start":{"line":148,"column":4},"end":{"line":148,"column":104}},"89":{"start":{"line":149,"column":4},"end":{"line":149,"column":40}},"90":{"start":{"line":151,"column":22},"end":{"line":151,"column":74}},"91":{"start":{"line":152,"column":4},"end":{"line":177,"column":5}},"92":{"start":{"line":153,"column":17},"end":{"line":159,"column":6}},"93":{"start":{"line":160,"column":4},"end":{"line":172,"column":6}},"94":{"start":{"line":161,"column":6},"end":{"line":163,"column":7}},"95":{"start":{"line":162,"column":8},"end":{"line":162,"column":24}},"96":{"start":{"line":164,"column":6},"end":{"line":171,"column":7}},"97":{"start":{"line":165,"column":8},"end":{"line":165,"column":44}},"98":{"start":{"line":166,"column":13},"end":{"line":171,"column":7}},"99":{"start":{"line":167,"column":8},"end":{"line":167,"column":44}},"100":{"start":{"line":170,"column":8},"end":{"line":170,"column":42}},"101":{"start":{"line":174,"column":4},"end":{"line":174,"column":23}},"102":{"start":{"line":175,"column":4},"end":{"line":175,"column":25}},"103":{"start":{"line":180,"column":2},"end":{"line":196,"column":4}},"104":{"start":{"line":188,"column":6},"end":{"line":194,"column":7}},"105":{"start":{"line":189,"column":8},"end":{"line":189,"column":38}},"106":{"start":{"line":190,"column":13},"end":{"line":194,"column":7}},"107":{"start":{"line":191,"column":8},"end":{"line":191,"column":38}},"108":{"start":{"line":193,"column":8},"end":{"line":193,"column":36}},"109":{"start":{"line":198,"column":0},"end":{"line":201,"column":5}},"110":{"start":{"line":199,"column":4},"end":{"line":199,"column":21}},"111":{"start":{"line":200,"column":4},"end":{"line":200,"column":32}},"112":{"start":{"line":203,"column":2},"end":{"line":207,"column":3}},"113":{"start":{"line":204,"column":4},"end":{"line":206,"column":7}},"114":{"start":{"line":205,"column":6},"end":{"line":205,"column":57}},"115":{"start":{"line":209,"column":0},"end":{"line":233,"column":2}},"116":{"start":{"line":213,"column":24},"end":{"line":213,"column":36}},"117":{"start":{"line":214,"column":4},"end":{"line":231,"column":5}},"118":{"start":{"line":215,"column":30},"end":{"line":215,"column":53}},"119":{"start":{"line":216,"column":28},"end":{"line":216,"column":49}},"120":{"start":{"line":217,"column":34},"end":{"line":217,"column":61}},"121":{"start":{"line":218,"column":24},"end":{"line":218,"column":41}},"122":{"start":{"line":219,"column":6},"end":{"line":227,"column":9}},"123":{"start":{"line":229,"column":6},"end":{"line":229,"column":27}},"124":{"start":{"line":230,"column":6},"end":{"line":230,"column":46}},"125":{"start":{"line":235,"column":0},"end":{"line":258,"column":2}},"126":{"start":{"line":239,"column":24},"end":{"line":239,"column":36}},"127":{"start":{"line":240,"column":4},"end":{"line":256,"column":5}},"128":{"start":{"line":241,"column":30},"end":{"line":241,"column":53}},"129":{"start":{"line":242,"column":28},"end":{"line":242,"column":49}},"130":{"start":{"line":243,"column":34},"end":{"line":243,"column":61}},"131":{"start":{"line":244,"column":6},"end":{"line":244,"column":38}},"132":{"start":{"line":245,"column":6},"end":{"line":252,"column":9}},"133":{"start":{"line":254,"column":6},"end":{"line":254,"column":27}},"134":{"start":{"line":255,"column":6},"end":{"line":255,"column":46}},"135":{"start":{"line":259,"column":0},"end":{"line":266,"column":3}},"136":{"start":{"line":260,"column":22},"end":{"line":260,"column":34}},"137":{"start":{"line":262,"column":2},"end":{"line":265,"column":5}},"138":{"start":{"line":268,"column":0},"end":{"line":287,"column":3}},"139":{"start":{"line":269,"column":20},"end":{"line":269,"column":38}},"140":{"start":{"line":270,"column":22},"end":{"line":270,"column":43}},"141":{"start":{"line":271,"column":2},"end":{"line":286,"column":3}},"142":{"start":{"line":272,"column":17},"end":{"line":272,"column":69}},"143":{"start":{"line":273,"column":4},"end":{"line":276,"column":5}},"144":{"start":{"line":274,"column":6},"end":{"line":274,"column":69}},"145":{"start":{"line":275,"column":6},"end":{"line":275,"column":44}},"146":{"start":{"line":277,"column":22},"end":{"line":277,"column":64}},"147":{"start":{"line":278,"column":4},"end":{"line":278,"column":47}},"148":{"start":{"line":281,"column":4},"end":{"line":281,"column":39}},"149":{"start":{"line":283,"column":4},"end":{"line":283,"column":23}},"150":{"start":{"line":284,"column":4},"end":{"line":284,"column":59}},"151":{"start":{"line":285,"column":4},"end":{"line":285,"column":42}},"152":{"start":{"line":289,"column":0},"end":{"line":300,"column":2}},"153":{"start":{"line":293,"column":24},"end":{"line":293,"column":61}},"154":{"start":{"line":294,"column":4},"end":{"line":298,"column":7}},"155":{"start":{"line":302,"column":0},"end":{"line":330,"column":2}},"156":{"start":{"line":306,"column":4},"end":{"line":309,"column":5}},"157":{"start":{"line":307,"column":6},"end":{"line":307,"column":60}},"158":{"start":{"line":308,"column":6},"end":{"line":308,"column":43}},"159":{"start":{"line":311,"column":4},"end":{"line":314,"column":5}},"160":{"start":{"line":312,"column":6},"end":{"line":312,"column":79}},"161":{"start":{"line":313,"column":6},"end":{"line":313,"column":43}},"162":{"start":{"line":315,"column":4},"end":{"line":315,"column":41}},"163":{"start":{"line":316,"column":4},"end":{"line":328,"column":5}},"164":{"start":{"line":317,"column":6},"end":{"line":322,"column":9}},"165":{"start":{"line":323,"column":6},"end":{"line":323,"column":36}},"166":{"start":{"line":326,"column":6},"end":{"line":326,"column":25}},"167":{"start":{"line":327,"column":6},"end":{"line":327,"column":46}},"168":{"start":{"line":332,"column":0},"end":{"line":356,"column":2}},"169":{"start":{"line":336,"column":24},"end":{"line":336,"column":36}},"170":{"start":{"line":337,"column":4},"end":{"line":354,"column":5}},"171":{"start":{"line":338,"column":30},"end":{"line":340,"column":8}},"172":{"start":{"line":341,"column":24},"end":{"line":343,"column":13}},"173":{"start":{"line":342,"column":30},"end":{"line":342,"column":49}},"174":{"start":{"line":344,"column":22},"end":{"line":344,"column":73}},"175":{"start":{"line":345,"column":6},"end":{"line":350,"column":9}},"176":{"start":{"line":352,"column":6},"end":{"line":352,"column":27}},"177":{"start":{"line":353,"column":6},"end":{"line":353,"column":46}},"178":{"start":{"line":358,"column":0},"end":{"line":384,"column":2}},"179":{"start":{"line":362,"column":4},"end":{"line":364,"column":5}},"180":{"start":{"line":363,"column":6},"end":{"line":363,"column":41}},"181":{"start":{"line":365,"column":4},"end":{"line":382,"column":5}},"182":{"start":{"line":366,"column":26},"end":{"line":366,"column":38}},"183":{"start":{"line":367,"column":6},"end":{"line":369,"column":7}},"184":{"start":{"line":368,"column":8},"end":{"line":368,"column":72}},"185":{"start":{"line":370,"column":26},"end":{"line":370,"column":52}},"186":{"start":{"line":372,"column":6},"end":{"line":377,"column":9}},"187":{"start":{"line":380,"column":6},"end":{"line":380,"column":27}},"188":{"start":{"line":381,"column":6},"end":{"line":381,"column":77}},"189":{"start":{"line":386,"column":0},"end":{"line":410,"column":2}},"190":{"start":{"line":390,"column":4},"end":{"line":392,"column":5}},"191":{"start":{"line":391,"column":6},"end":{"line":391,"column":41}},"192":{"start":{"line":393,"column":4},"end":{"line":408,"column":5}},"193":{"start":{"line":394,"column":26},"end":{"line":394,"column":38}},"194":{"start":{"line":395,"column":6},"end":{"line":397,"column":7}},"195":{"start":{"line":396,"column":8},"end":{"line":396,"column":72}},"196":{"start":{"line":398,"column":26},"end":{"line":398,"column":52}},"197":{"start":{"line":399,"column":6},"end":{"line":404,"column":9}},"198":{"start":{"line":406,"column":6},"end":{"line":406,"column":27}},"199":{"start":{"line":407,"column":6},"end":{"line":407,"column":77}},"200":{"start":{"line":411,"column":0},"end":{"line":416,"column":3}},"201":{"start":{"line":412,"column":2},"end":{"line":415,"column":5}},"202":{"start":{"line":417,"column":0},"end":{"line":422,"column":3}},"203":{"start":{"line":418,"column":2},"end":{"line":421,"column":5}},"204":{"start":{"line":424,"column":0},"end":{"line":429,"column":3}},"205":{"start":{"line":425,"column":2},"end":{"line":428,"column":5}},"206":{"start":{"line":431,"column":0},"end":{"line":468,"column":2}},"207":{"start":{"line":435,"column":4},"end":{"line":437,"column":5}},"208":{"start":{"line":436,"column":6},"end":{"line":436,"column":41}},"209":{"start":{"line":438,"column":4},"end":{"line":466,"column":5}},"210":{"start":{"line":439,"column":26},"end":{"line":439,"column":38}},"211":{"start":{"line":440,"column":6},"end":{"line":442,"column":7}},"212":{"start":{"line":441,"column":8},"end":{"line":441,"column":72}},"213":{"start":{"line":443,"column":26},"end":{"line":443,"column":56}},"214":{"start":{"line":446,"column":41},"end":{"line":451,"column":7}},"215":{"start":{"line":448,"column":34},"end":{"line":448,"column":65}},"216":{"start":{"line":449,"column":10},"end":{"line":449,"column":45}},"217":{"start":{"line":454,"column":31},"end":{"line":454,"column":56}},"218":{"start":{"line":456,"column":6},"end":{"line":462,"column":9}},"219":{"start":{"line":464,"column":6},"end":{"line":464,"column":27}},"220":{"start":{"line":465,"column":6},"end":{"line":465,"column":77}},"221":{"start":{"line":472,"column":0},"end":{"line":498,"column":3}},"222":{"start":{"line":473,"column":2},"end":{"line":497,"column":3}},"223":{"start":{"line":474,"column":15},"end":{"line":474,"column":32}},"224":{"start":{"line":475,"column":21},"end":{"line":475,"column":38}},"225":{"start":{"line":476,"column":19},"end":{"line":476,"column":51}},"226":{"start":{"line":477,"column":25},"end":{"line":477,"column":56}},"227":{"start":{"line":478,"column":26},"end":{"line":478,"column":53}},"228":{"start":{"line":479,"column":24},"end":{"line":479,"column":79}},"229":{"start":{"line":480,"column":32},"end":{"line":480,"column":59}},"230":{"start":{"line":481,"column":21},"end":{"line":481,"column":68}},"231":{"start":{"line":482,"column":4},"end":{"line":484,"column":5}},"232":{"start":{"line":483,"column":6},"end":{"line":483,"column":72}},"233":{"start":{"line":485,"column":4},"end":{"line":493,"column":7}},"234":{"start":{"line":495,"column":4},"end":{"line":495,"column":25}},"235":{"start":{"line":496,"column":4},"end":{"line":496,"column":75}},"236":{"start":{"line":500,"column":0},"end":{"line":528,"column":2}},"237":{"start":{"line":504,"column":19},"end":{"line":504,"column":34}},"238":{"start":{"line":505,"column":21},"end":{"line":505,"column":46}},"239":{"start":{"line":506,"column":19},"end":{"line":506,"column":51}},"240":{"start":{"line":507,"column":27},"end":{"line":507,"column":40}},"241":{"start":{"line":508,"column":25},"end":{"line":508,"column":61}},"242":{"start":{"line":509,"column":26},"end":{"line":509,"column":61}},"243":{"start":{"line":510,"column":24},"end":{"line":510,"column":79}},"244":{"start":{"line":518,"column":4},"end":{"line":526,"column":7}},"245":{"start":{"line":530,"column":0},"end":{"line":560,"column":2}},"246":{"start":{"line":534,"column":19},"end":{"line":534,"column":34}},"247":{"start":{"line":535,"column":21},"end":{"line":535,"column":46}},"248":{"start":{"line":536,"column":19},"end":{"line":536,"column":51}},"249":{"start":{"line":537,"column":27},"end":{"line":537,"column":40}},"250":{"start":{"line":538,"column":25},"end":{"line":538,"column":61}},"251":{"start":{"line":539,"column":26},"end":{"line":539,"column":61}},"252":{"start":{"line":540,"column":24},"end":{"line":540,"column":79}},"253":{"start":{"line":541,"column":32},"end":{"line":541,"column":59}},"254":{"start":{"line":543,"column":4},"end":{"line":558,"column":5}},"255":{"start":{"line":544,"column":23},"end":{"line":548,"column":8}},"256":{"start":{"line":551,"column":6},"end":{"line":553,"column":8}},"257":{"start":{"line":556,"column":6},"end":{"line":556,"column":25}},"258":{"start":{"line":557,"column":6},"end":{"line":557,"column":46}},"259":{"start":{"line":562,"column":0},"end":{"line":604,"column":2}},"260":{"start":{"line":563,"column":2},"end":{"line":563,"column":38}},"261":{"start":{"line":564,"column":19},"end":{"line":564,"column":34}},"262":{"start":{"line":565,"column":22},"end":{"line":565,"column":47}},"263":{"start":{"line":566,"column":20},"end":{"line":566,"column":54}},"264":{"start":{"line":567,"column":22},"end":{"line":567,"column":47}},"265":{"start":{"line":568,"column":19},"end":{"line":568,"column":51}},"266":{"start":{"line":569,"column":27},"end":{"line":569,"column":40}},"267":{"start":{"line":571,"column":25},"end":{"line":571,"column":61}},"268":{"start":{"line":572,"column":32},"end":{"line":572,"column":59}},"269":{"start":{"line":573,"column":26},"end":{"line":573,"column":61}},"270":{"start":{"line":574,"column":24},"end":{"line":574,"column":79}},"271":{"start":{"line":575,"column":18},"end":{"line":575,"column":63}},"272":{"start":{"line":576,"column":4},"end":{"line":589,"column":5}},"273":{"start":{"line":577,"column":27},"end":{"line":577,"column":63}},"274":{"start":{"line":578,"column":6},"end":{"line":578,"column":49}},"275":{"start":{"line":580,"column":6},"end":{"line":585,"column":7}},"276":{"start":{"line":583,"column":8},"end":{"line":583,"column":51}},"277":{"start":{"line":587,"column":6},"end":{"line":587,"column":59}},"278":{"start":{"line":590,"column":4},"end":{"line":602,"column":7}},"279":{"start":{"line":606,"column":0},"end":{"line":639,"column":2}},"280":{"start":{"line":610,"column":19},"end":{"line":610,"column":34}},"281":{"start":{"line":611,"column":20},"end":{"line":611,"column":67}},"282":{"start":{"line":612,"column":22},"end":{"line":612,"column":47}},"283":{"start":{"line":613,"column":22},"end":{"line":613,"column":47}},"284":{"start":{"line":614,"column":19},"end":{"line":614,"column":51}},"285":{"start":{"line":615,"column":27},"end":{"line":615,"column":40}},"286":{"start":{"line":616,"column":25},"end":{"line":616,"column":61}},"287":{"start":{"line":617,"column":32},"end":{"line":617,"column":59}},"288":{"start":{"line":618,"column":26},"end":{"line":618,"column":61}},"289":{"start":{"line":619,"column":24},"end":{"line":619,"column":79}},"290":{"start":{"line":620,"column":18},"end":{"line":620,"column":63}},"291":{"start":{"line":624,"column":4},"end":{"line":637,"column":5}},"292":{"start":{"line":625,"column":6},"end":{"line":630,"column":9}},"293":{"start":{"line":631,"column":6},"end":{"line":633,"column":8}},"294":{"start":{"line":635,"column":6},"end":{"line":635,"column":25}},"295":{"start":{"line":636,"column":6},"end":{"line":636,"column":46}},"296":{"start":{"line":641,"column":0},"end":{"line":661,"column":2}},"297":{"start":{"line":645,"column":21},"end":{"line":645,"column":44}},"298":{"start":{"line":646,"column":26},"end":{"line":646,"column":53}},"299":{"start":{"line":647,"column":31},"end":{"line":649,"column":6}},"300":{"start":{"line":650,"column":4},"end":{"line":653,"column":5}},"301":{"start":{"line":652,"column":6},"end":{"line":652,"column":73}},"302":{"start":{"line":654,"column":4},"end":{"line":657,"column":7}},"303":{"start":{"line":659,"column":4},"end":{"line":659,"column":34}},"304":{"start":{"line":663,"column":0},"end":{"line":687,"column":2}},"305":{"start":{"line":664,"column":2},"end":{"line":664,"column":38}},"306":{"start":{"line":665,"column":22},"end":{"line":665,"column":39}},"307":{"start":{"line":666,"column":20},"end":{"line":666,"column":54}},"308":{"start":{"line":667,"column":22},"end":{"line":667,"column":47}},"309":{"start":{"line":668,"column":19},"end":{"line":668,"column":51}},"310":{"start":{"line":669,"column":27},"end":{"line":669,"column":40}},"311":{"start":{"line":670,"column":25},"end":{"line":670,"column":61}},"312":{"start":{"line":671,"column":32},"end":{"line":671,"column":59}},"313":{"start":{"line":672,"column":26},"end":{"line":672,"column":61}},"314":{"start":{"line":673,"column":24},"end":{"line":673,"column":79}},"315":{"start":{"line":674,"column":18},"end":{"line":674,"column":63}},"316":{"start":{"line":675,"column":4},"end":{"line":686,"column":7}},"317":{"start":{"line":689,"column":0},"end":{"line":715,"column":2}},"318":{"start":{"line":690,"column":2},"end":{"line":690,"column":38}},"319":{"start":{"line":691,"column":19},"end":{"line":691,"column":34}},"320":{"start":{"line":692,"column":22},"end":{"line":692,"column":39}},"321":{"start":{"line":693,"column":20},"end":{"line":693,"column":54}},"322":{"start":{"line":694,"column":22},"end":{"line":694,"column":47}},"323":{"start":{"line":695,"column":19},"end":{"line":695,"column":51}},"324":{"start":{"line":696,"column":27},"end":{"line":696,"column":40}},"325":{"start":{"line":697,"column":25},"end":{"line":697,"column":61}},"326":{"start":{"line":698,"column":32},"end":{"line":698,"column":59}},"327":{"start":{"line":699,"column":26},"end":{"line":699,"column":61}},"328":{"start":{"line":700,"column":24},"end":{"line":700,"column":79}},"329":{"start":{"line":701,"column":18},"end":{"line":701,"column":63}},"330":{"start":{"line":702,"column":4},"end":{"line":714,"column":7}},"331":{"start":{"line":717,"column":0},"end":{"line":758,"column":3}},"332":{"start":{"line":718,"column":2},"end":{"line":718,"column":38}},"333":{"start":{"line":719,"column":2},"end":{"line":757,"column":3}},"334":{"start":{"line":720,"column":19},"end":{"line":720,"column":34}},"335":{"start":{"line":721,"column":21},"end":{"line":721,"column":42}},"336":{"start":{"line":722,"column":22},"end":{"line":722,"column":44}},"337":{"start":{"line":723,"column":19},"end":{"line":723,"column":46}},"338":{"start":{"line":725,"column":4},"end":{"line":725,"column":40}},"339":{"start":{"line":726,"column":4},"end":{"line":726,"column":35}},"340":{"start":{"line":727,"column":4},"end":{"line":727,"column":39}},"341":{"start":{"line":728,"column":4},"end":{"line":728,"column":41}},"342":{"start":{"line":729,"column":4},"end":{"line":729,"column":35}},"343":{"start":{"line":732,"column":31},"end":{"line":734,"column":6}},"344":{"start":{"line":736,"column":4},"end":{"line":749,"column":5}},"345":{"start":{"line":738,"column":6},"end":{"line":738,"column":43}},"346":{"start":{"line":739,"column":6},"end":{"line":739,"column":38}},"347":{"start":{"line":742,"column":6},"end":{"line":748,"column":9}},"348":{"start":{"line":751,"column":4},"end":{"line":751,"column":84}},"349":{"start":{"line":753,"column":4},"end":{"line":753,"column":59}},"350":{"start":{"line":754,"column":4},"end":{"line":756,"column":68}},"351":{"start":{"line":761,"column":0},"end":{"line":799,"column":2}},"352":{"start":{"line":765,"column":26},"end":{"line":765,"column":53}},"353":{"start":{"line":766,"column":19},"end":{"line":766,"column":34}},"354":{"start":{"line":767,"column":21},"end":{"line":767,"column":46}},"355":{"start":{"line":768,"column":4},"end":{"line":768,"column":35}},"356":{"start":{"line":769,"column":4},"end":{"line":769,"column":49}},"357":{"start":{"line":770,"column":4},"end":{"line":797,"column":5}},"358":{"start":{"line":772,"column":26},"end":{"line":772,"column":58}},"359":{"start":{"line":774,"column":6},"end":{"line":777,"column":7}},"360":{"start":{"line":776,"column":8},"end":{"line":776,"column":72}},"361":{"start":{"line":780,"column":23},"end":{"line":780,"column":86}},"362":{"start":{"line":783,"column":6},"end":{"line":785,"column":7}},"363":{"start":{"line":784,"column":8},"end":{"line":784,"column":66}},"364":{"start":{"line":787,"column":6},"end":{"line":787,"column":70}},"365":{"start":{"line":790,"column":21},"end":{"line":790,"column":77}},"366":{"start":{"line":793,"column":6},"end":{"line":793,"column":50}},"367":{"start":{"line":795,"column":6},"end":{"line":795,"column":25}},"368":{"start":{"line":796,"column":6},"end":{"line":796,"column":44}},"369":{"start":{"line":801,"column":0},"end":{"line":808,"column":3}},"370":{"start":{"line":802,"column":2},"end":{"line":807,"column":5}},"371":{"start":{"line":803,"column":4},"end":{"line":805,"column":5}},"372":{"start":{"line":804,"column":6},"end":{"line":804,"column":23}},"373":{"start":{"line":806,"column":4},"end":{"line":806,"column":27}},"374":{"start":{"line":811,"column":0},"end":{"line":811,"column":21}}},"fnMap":{"0":{"name":"(anonymous_0)","decl":{"start":{"line":38,"column":36},"end":{"line":38,"column":37}},"loc":{"start":{"line":38,"column":45},"end":{"line":38,"column":60}},"line":38},"1":{"name":"(anonymous_1)","decl":{"start":{"line":50,"column":4},"end":{"line":50,"column":5}},"loc":{"start":{"line":50,"column":31},"end":{"line":73,"column":5}},"line":50},"2":{"name":"(anonymous_2)","decl":{"start":{"line":52,"column":14},"end":{"line":52,"column":15}},"loc":{"start":{"line":52,"column":30},"end":{"line":69,"column":9}},"line":52},"3":{"name":"(anonymous_3)","decl":{"start":{"line":70,"column":15},"end":{"line":70,"column":16}},"loc":{"start":{"line":70,"column":26},"end":{"line":72,"column":9}},"line":70},"4":{"name":"(anonymous_4)","decl":{"start":{"line":77,"column":23},"end":{"line":77,"column":24}},"loc":{"start":{"line":77,"column":39},"end":{"line":79,"column":1}},"line":77},"5":{"name":"(anonymous_5)","decl":{"start":{"line":81,"column":25},"end":{"line":81,"column":26}},"loc":{"start":{"line":81,"column":42},"end":{"line":93,"column":1}},"line":81},"6":{"name":"(anonymous_6)","decl":{"start":{"line":83,"column":10},"end":{"line":83,"column":11}},"loc":{"start":{"line":83,"column":20},"end":{"line":89,"column":5}},"line":83},"7":{"name":"(anonymous_7)","decl":{"start":{"line":90,"column":11},"end":{"line":90,"column":12}},"loc":{"start":{"line":90,"column":22},"end":{"line":92,"column":5}},"line":90},"8":{"name":"(anonymous_8)","decl":{"start":{"line":94,"column":8},"end":{"line":94,"column":9}},"loc":{"start":{"line":94,"column":43},"end":{"line":97,"column":1}},"line":94},"9":{"name":"(anonymous_9)","decl":{"start":{"line":98,"column":8},"end":{"line":98,"column":9}},"loc":{"start":{"line":98,"column":32},"end":{"line":101,"column":1}},"line":98},"10":{"name":"(anonymous_10)","decl":{"start":{"line":103,"column":13},"end":{"line":103,"column":14}},"loc":{"start":{"line":103,"column":36},"end":{"line":115,"column":1}},"line":103},"11":{"name":"(anonymous_11)","decl":{"start":{"line":116,"column":19},"end":{"line":116,"column":20}},"loc":{"start":{"line":116,"column":33},"end":{"line":120,"column":1}},"line":116},"12":{"name":"(anonymous_12)","decl":{"start":{"line":121,"column":19},"end":{"line":121,"column":20}},"loc":{"start":{"line":121,"column":32},"end":{"line":125,"column":1}},"line":121},"13":{"name":"(anonymous_13)","decl":{"start":{"line":127,"column":19},"end":{"line":127,"column":20}},"loc":{"start":{"line":127,"column":49},"end":{"line":178,"column":3}},"line":127},"14":{"name":"(anonymous_14)","decl":{"start":{"line":160,"column":24},"end":{"line":160,"column":25}},"loc":{"start":{"line":160,"column":33},"end":{"line":172,"column":5}},"line":160},"15":{"name":"(anonymous_15)","decl":{"start":{"line":186,"column":4},"end":{"line":186,"column":5}},"loc":{"start":{"line":186,"column":27},"end":{"line":195,"column":5}},"line":186},"16":{"name":"(anonymous_16)","decl":{"start":{"line":198,"column":19},"end":{"line":198,"column":20}},"loc":{"start":{"line":198,"column":42},"end":{"line":201,"column":3}},"line":198},"17":{"name":"(anonymous_17)","decl":{"start":{"line":204,"column":21},"end":{"line":204,"column":22}},"loc":{"start":{"line":204,"column":27},"end":{"line":206,"column":5}},"line":204},"18":{"name":"(anonymous_18)","decl":{"start":{"line":212,"column":2},"end":{"line":212,"column":3}},"loc":{"start":{"line":212,"column":31},"end":{"line":232,"column":3}},"line":212},"19":{"name":"(anonymous_19)","decl":{"start":{"line":238,"column":2},"end":{"line":238,"column":3}},"loc":{"start":{"line":238,"column":31},"end":{"line":257,"column":3}},"line":238},"20":{"name":"(anonymous_20)","decl":{"start":{"line":259,"column":21},"end":{"line":259,"column":22}},"loc":{"start":{"line":259,"column":43},"end":{"line":266,"column":1}},"line":259},"21":{"name":"(anonymous_21)","decl":{"start":{"line":268,"column":22},"end":{"line":268,"column":23}},"loc":{"start":{"line":268,"column":51},"end":{"line":287,"column":1}},"line":268},"22":{"name":"(anonymous_22)","decl":{"start":{"line":292,"column":2},"end":{"line":292,"column":3}},"loc":{"start":{"line":292,"column":31},"end":{"line":299,"column":3}},"line":292},"23":{"name":"(anonymous_23)","decl":{"start":{"line":305,"column":2},"end":{"line":305,"column":3}},"loc":{"start":{"line":305,"column":31},"end":{"line":329,"column":3}},"line":305},"24":{"name":"(anonymous_24)","decl":{"start":{"line":335,"column":2},"end":{"line":335,"column":3}},"loc":{"start":{"line":335,"column":31},"end":{"line":355,"column":3}},"line":335},"25":{"name":"(anonymous_25)","decl":{"start":{"line":342,"column":14},"end":{"line":342,"column":15}},"loc":{"start":{"line":342,"column":30},"end":{"line":342,"column":49}},"line":342},"26":{"name":"(anonymous_26)","decl":{"start":{"line":361,"column":2},"end":{"line":361,"column":3}},"loc":{"start":{"line":361,"column":31},"end":{"line":383,"column":3}},"line":361},"27":{"name":"(anonymous_27)","decl":{"start":{"line":389,"column":2},"end":{"line":389,"column":3}},"loc":{"start":{"line":389,"column":31},"end":{"line":409,"column":3}},"line":389},"28":{"name":"(anonymous_28)","decl":{"start":{"line":411,"column":19},"end":{"line":411,"column":20}},"loc":{"start":{"line":411,"column":42},"end":{"line":416,"column":1}},"line":411},"29":{"name":"(anonymous_29)","decl":{"start":{"line":417,"column":27},"end":{"line":417,"column":28}},"loc":{"start":{"line":417,"column":50},"end":{"line":422,"column":1}},"line":417},"30":{"name":"(anonymous_30)","decl":{"start":{"line":424,"column":24},"end":{"line":424,"column":25}},"loc":{"start":{"line":424,"column":47},"end":{"line":429,"column":1}},"line":424},"31":{"name":"(anonymous_31)","decl":{"start":{"line":434,"column":2},"end":{"line":434,"column":3}},"loc":{"start":{"line":434,"column":31},"end":{"line":467,"column":3}},"line":434},"32":{"name":"(anonymous_32)","decl":{"start":{"line":447,"column":24},"end":{"line":447,"column":25}},"loc":{"start":{"line":447,"column":42},"end":{"line":450,"column":9}},"line":447},"33":{"name":"(anonymous_33)","decl":{"start":{"line":472,"column":28},"end":{"line":472,"column":29}},"loc":{"start":{"line":472,"column":57},"end":{"line":498,"column":1}},"line":472},"34":{"name":"(anonymous_34)","decl":{"start":{"line":503,"column":2},"end":{"line":503,"column":3}},"loc":{"start":{"line":503,"column":31},"end":{"line":527,"column":3}},"line":503},"35":{"name":"(anonymous_35)","decl":{"start":{"line":533,"column":2},"end":{"line":533,"column":3}},"loc":{"start":{"line":533,"column":31},"end":{"line":559,"column":3}},"line":533},"36":{"name":"(anonymous_36)","decl":{"start":{"line":562,"column":38},"end":{"line":562,"column":39}},"loc":{"start":{"line":562,"column":67},"end":{"line":603,"column":3}},"line":562},"37":{"name":"(anonymous_37)","decl":{"start":{"line":609,"column":2},"end":{"line":609,"column":3}},"loc":{"start":{"line":609,"column":31},"end":{"line":638,"column":3}},"line":609},"38":{"name":"(anonymous_38)","decl":{"start":{"line":644,"column":2},"end":{"line":644,"column":3}},"loc":{"start":{"line":644,"column":31},"end":{"line":660,"column":3}},"line":644},"39":{"name":"(anonymous_39)","decl":{"start":{"line":663,"column":33},"end":{"line":663,"column":34}},"loc":{"start":{"line":663,"column":62},"end":{"line":687,"column":1}},"line":663},"40":{"name":"(anonymous_40)","decl":{"start":{"line":689,"column":34},"end":{"line":689,"column":35}},"loc":{"start":{"line":689,"column":63},"end":{"line":715,"column":1}},"line":689},"41":{"name":"(anonymous_41)","decl":{"start":{"line":717,"column":38},"end":{"line":717,"column":39}},"loc":{"start":{"line":717,"column":67},"end":{"line":758,"column":1}},"line":717},"42":{"name":"(anonymous_42)","decl":{"start":{"line":764,"column":2},"end":{"line":764,"column":3}},"loc":{"start":{"line":764,"column":31},"end":{"line":798,"column":3}},"line":764},"43":{"name":"(anonymous_43)","decl":{"start":{"line":801,"column":20},"end":{"line":801,"column":21}},"loc":{"start":{"line":801,"column":49},"end":{"line":808,"column":1}},"line":801},"44":{"name":"(anonymous_44)","decl":{"start":{"line":802,"column":17},"end":{"line":802,"column":18}},"loc":{"start":{"line":802,"column":26},"end":{"line":807,"column":3}},"line":802}},"branchMap":{"0":{"loc":{"start":{"line":8,"column":13},"end":{"line":8,"column":37}},"type":"binary-expr","locations":[{"start":{"line":8,"column":13},"end":{"line":8,"column":29}},{"start":{"line":8,"column":33},"end":{"line":8,"column":37}}],"line":8},"1":{"loc":{"start":{"line":53,"column":10},"end":{"line":55,"column":11}},"type":"if","locations":[{"start":{"line":53,"column":10},"end":{"line":55,"column":11}},{"start":{},"end":{}}],"line":53},"2":{"loc":{"start":{"line":58,"column":10},"end":{"line":60,"column":11}},"type":"if","locations":[{"start":{"line":58,"column":10},"end":{"line":60,"column":11}},{"start":{},"end":{}}],"line":58},"3":{"loc":{"start":{"line":62,"column":10},"end":{"line":68,"column":11}},"type":"if","locations":[{"start":{"line":62,"column":10},"end":{"line":68,"column":11}},{"start":{"line":64,"column":17},"end":{"line":68,"column":11}}],"line":62},"4":{"loc":{"start":{"line":64,"column":17},"end":{"line":68,"column":11}},"type":"if","locations":[{"start":{"line":64,"column":17},"end":{"line":68,"column":11}},{"start":{"line":66,"column":17},"end":{"line":68,"column":11}}],"line":64},"5":{"loc":{"start":{"line":84,"column":6},"end":{"line":88,"column":7}},"type":"if","locations":[{"start":{"line":84,"column":6},"end":{"line":88,"column":7}},{"start":{"line":86,"column":13},"end":{"line":88,"column":7}}],"line":84},"6":{"loc":{"start":{"line":104,"column":2},"end":{"line":110,"column":3}},"type":"if","locations":[{"start":{"line":104,"column":2},"end":{"line":110,"column":3}},{"start":{},"end":{}}],"line":104},"7":{"loc":{"start":{"line":105,"column":4},"end":{"line":109,"column":5}},"type":"if","locations":[{"start":{"line":105,"column":4},"end":{"line":109,"column":5}},{"start":{"line":107,"column":11},"end":{"line":109,"column":5}}],"line":105},"8":{"loc":{"start":{"line":128,"column":2},"end":{"line":131,"column":3}},"type":"if","locations":[{"start":{"line":128,"column":2},"end":{"line":131,"column":3}},{"start":{},"end":{}}],"line":128},"9":{"loc":{"start":{"line":132,"column":2},"end":{"line":135,"column":3}},"type":"if","locations":[{"start":{"line":132,"column":2},"end":{"line":135,"column":3}},{"start":{},"end":{}}],"line":132},"10":{"loc":{"start":{"line":137,"column":2},"end":{"line":140,"column":3}},"type":"if","locations":[{"start":{"line":137,"column":2},"end":{"line":140,"column":3}},{"start":{},"end":{}}],"line":137},"11":{"loc":{"start":{"line":142,"column":2},"end":{"line":145,"column":3}},"type":"if","locations":[{"start":{"line":142,"column":2},"end":{"line":145,"column":3}},{"start":{},"end":{}}],"line":142},"12":{"loc":{"start":{"line":147,"column":2},"end":{"line":150,"column":3}},"type":"if","locations":[{"start":{"line":147,"column":2},"end":{"line":150,"column":3}},{"start":{},"end":{}}],"line":147},"13":{"loc":{"start":{"line":161,"column":6},"end":{"line":163,"column":7}},"type":"if","locations":[{"start":{"line":161,"column":6},"end":{"line":163,"column":7}},{"start":{},"end":{}}],"line":161},"14":{"loc":{"start":{"line":164,"column":6},"end":{"line":171,"column":7}},"type":"if","locations":[{"start":{"line":164,"column":6},"end":{"line":171,"column":7}},{"start":{"line":166,"column":13},"end":{"line":171,"column":7}}],"line":164},"15":{"loc":{"start":{"line":166,"column":13},"end":{"line":171,"column":7}},"type":"if","locations":[{"start":{"line":166,"column":13},"end":{"line":171,"column":7}},{"start":{"line":169,"column":11},"end":{"line":171,"column":7}}],"line":166},"16":{"loc":{"start":{"line":188,"column":6},"end":{"line":194,"column":7}},"type":"if","locations":[{"start":{"line":188,"column":6},"end":{"line":194,"column":7}},{"start":{"line":190,"column":13},"end":{"line":194,"column":7}}],"line":188},"17":{"loc":{"start":{"line":190,"column":13},"end":{"line":194,"column":7}},"type":"if","locations":[{"start":{"line":190,"column":13},"end":{"line":194,"column":7}},{"start":{"line":192,"column":13},"end":{"line":194,"column":7}}],"line":190},"18":{"loc":{"start":{"line":203,"column":2},"end":{"line":207,"column":3}},"type":"if","locations":[{"start":{"line":203,"column":2},"end":{"line":207,"column":3}},{"start":{},"end":{}}],"line":203},"19":{"loc":{"start":{"line":273,"column":4},"end":{"line":276,"column":5}},"type":"if","locations":[{"start":{"line":273,"column":4},"end":{"line":276,"column":5}},{"start":{},"end":{}}],"line":273},"20":{"loc":{"start":{"line":306,"column":4},"end":{"line":309,"column":5}},"type":"if","locations":[{"start":{"line":306,"column":4},"end":{"line":309,"column":5}},{"start":{},"end":{}}],"line":306},"21":{"loc":{"start":{"line":311,"column":4},"end":{"line":314,"column":5}},"type":"if","locations":[{"start":{"line":311,"column":4},"end":{"line":314,"column":5}},{"start":{},"end":{}}],"line":311},"22":{"loc":{"start":{"line":362,"column":4},"end":{"line":364,"column":5}},"type":"if","locations":[{"start":{"line":362,"column":4},"end":{"line":364,"column":5}},{"start":{},"end":{}}],"line":362},"23":{"loc":{"start":{"line":367,"column":6},"end":{"line":369,"column":7}},"type":"if","locations":[{"start":{"line":367,"column":6},"end":{"line":369,"column":7}},{"start":{},"end":{}}],"line":367},"24":{"loc":{"start":{"line":390,"column":4},"end":{"line":392,"column":5}},"type":"if","locations":[{"start":{"line":390,"column":4},"end":{"line":392,"column":5}},{"start":{},"end":{}}],"line":390},"25":{"loc":{"start":{"line":395,"column":6},"end":{"line":397,"column":7}},"type":"if","locations":[{"start":{"line":395,"column":6},"end":{"line":397,"column":7}},{"start":{},"end":{}}],"line":395},"26":{"loc":{"start":{"line":435,"column":4},"end":{"line":437,"column":5}},"type":"if","locations":[{"start":{"line":435,"column":4},"end":{"line":437,"column":5}},{"start":{},"end":{}}],"line":435},"27":{"loc":{"start":{"line":440,"column":6},"end":{"line":442,"column":7}},"type":"if","locations":[{"start":{"line":440,"column":6},"end":{"line":442,"column":7}},{"start":{},"end":{}}],"line":440},"28":{"loc":{"start":{"line":482,"column":4},"end":{"line":484,"column":5}},"type":"if","locations":[{"start":{"line":482,"column":4},"end":{"line":484,"column":5}},{"start":{},"end":{}}],"line":482},"29":{"loc":{"start":{"line":580,"column":6},"end":{"line":585,"column":7}},"type":"if","locations":[{"start":{"line":580,"column":6},"end":{"line":585,"column":7}},{"start":{"line":582,"column":13},"end":{"line":585,"column":7}}],"line":580},"30":{"loc":{"start":{"line":650,"column":4},"end":{"line":653,"column":5}},"type":"if","locations":[{"start":{"line":650,"column":4},"end":{"line":653,"column":5}},{"start":{},"end":{}}],"line":650},"31":{"loc":{"start":{"line":736,"column":4},"end":{"line":749,"column":5}},"type":"if","locations":[{"start":{"line":736,"column":4},"end":{"line":749,"column":5}},{"start":{"line":740,"column":11},"end":{"line":749,"column":5}}],"line":736},"32":{"loc":{"start":{"line":774,"column":6},"end":{"line":777,"column":7}},"type":"if","locations":[{"start":{"line":774,"column":6},"end":{"line":777,"column":7}},{"start":{},"end":{}}],"line":774},"33":{"loc":{"start":{"line":793,"column":27},"end":{"line":793,"column":48}},"type":"cond-expr","locations":[{"start":{"line":793,"column":36},"end":{"line":793,"column":40}},{"start":{"line":793,"column":43},"end":{"line":793,"column":48}}],"line":793},"34":{"loc":{"start":{"line":803,"column":4},"end":{"line":805,"column":5}},"type":"if","locations":[{"start":{"line":803,"column":4},"end":{"line":805,"column":5}},{"start":{},"end":{}}],"line":803}},"s":{"0":1,"1":1,"2":1,"3":1,"4":1,"5":1,"6":1,"7":1,"8":1,"9":1,"10":1,"11":1,"12":1,"13":1,"14":1,"15":1,"16":1,"17":1,"18":1,"19":1,"20":1,"21":1,"22":1,"23":1,"24":1,"25":1,"26":1,"27":1,"28":1,"29":1,"30":1,"31":1,"32":9,"33":1,"34":1,"35":1,"36":1,"37":0,"38":0,"39":0,"40":0,"41":0,"42":0,"43":0,"44":0,"45":0,"46":0,"47":0,"48":0,"49":1,"50":0,"51":1,"52":0,"53":0,"54":0,"55":0,"56":0,"57":1,"58":27,"59":27,"60":1,"61":27,"62":27,"63":1,"64":1,"65":0,"66":0,"67":0,"68":0,"69":0,"70":1,"71":2,"72":1,"73":8,"74":1,"75":2,"76":2,"77":2,"78":0,"79":0,"80":0,"81":0,"82":0,"83":0,"84":0,"85":0,"86":0,"87":0,"88":0,"89":0,"90":0,"91":0,"92":0,"93":0,"94":0,"95":0,"96":0,"97":0,"98":0,"99":0,"100":0,"101":0,"102":0,"103":1,"104":0,"105":0,"106":0,"107":0,"108":0,"109":1,"110":0,"111":0,"112":1,"113":0,"114":0,"115":1,"116":0,"117":0,"118":0,"119":0,"120":0,"121":0,"122":0,"123":0,"124":0,"125":1,"126":0,"127":0,"128":0,"129":0,"130":0,"131":0,"132":0,"133":0,"134":0,"135":1,"136":1,"137":1,"138":1,"139":0,"140":0,"141":0,"142":0,"143":0,"144":0,"145":0,"146":0,"147":0,"148":0,"149":0,"150":0,"151":0,"152":1,"153":0,"154":0,"155":1,"156":0,"157":0,"158":0,"159":0,"160":0,"161":0,"162":0,"163":0,"164":0,"165":0,"166":0,"167":0,"168":1,"169":0,"170":0,"171":0,"172":0,"173":0,"174":0,"175":0,"176":0,"177":0,"178":1,"179":0,"180":0,"181":0,"182":0,"183":0,"184":0,"185":0,"186":0,"187":0,"188":0,"189":1,"190":0,"191":0,"192":0,"193":0,"194":0,"195":0,"196":0,"197":0,"198":0,"199":0,"200":1,"201":0,"202":1,"203":0,"204":1,"205":0,"206":1,"207":0,"208":0,"209":0,"210":0,"211":0,"212":0,"213":0,"214":0,"215":0,"216":0,"217":0,"218":0,"219":0,"220":0,"221":1,"222":0,"223":0,"224":0,"225":0,"226":0,"227":0,"228":0,"229":0,"230":0,"231":0,"232":0,"233":0,"234":0,"235":0,"236":1,"237":0,"238":0,"239":0,"240":0,"241":0,"242":0,"243":0,"244":0,"245":1,"246":0,"247":0,"248":0,"249":0,"250":0,"251":0,"252":0,"253":0,"254":0,"255":0,"256":0,"257":0,"258":0,"259":1,"260":0,"261":0,"262":0,"263":0,"264":0,"265":0,"266":0,"267":0,"268":0,"269":0,"270":0,"271":0,"272":0,"273":0,"274":0,"275":0,"276":0,"277":0,"278":0,"279":1,"280":0,"281":0,"282":0,"283":0,"284":0,"285":0,"286":0,"287":0,"288":0,"289":0,"290":0,"291":0,"292":0,"293":0,"294":0,"295":0,"296":1,"297":0,"298":0,"299":0,"300":0,"301":0,"302":0,"303":0,"304":1,"305":0,"306":0,"307":0,"308":0,"309":0,"310":0,"311":0,"312":0,"313":0,"314":0,"315":0,"316":0,"317":1,"318":0,"319":0,"320":0,"321":0,"322":0,"323":0,"324":0,"325":0,"326":0,"327":0,"328":0,"329":0,"330":0,"331":1,"332":0,"333":0,"334":0,"335":0,"336":0,"337":0,"338":0,"339":0,"340":0,"341":0,"342":0,"343":0,"344":0,"345":0,"346":0,"347":0,"348":0,"349":0,"350":0,"351":1,"352":0,"353":0,"354":0,"355":0,"356":0,"357":0,"358":0,"359":0,"360":0,"361":0,"362":0,"363":0,"364":0,"365":0,"366":0,"367":0,"368":0,"369":1,"370":1,"371":1,"372":0,"373":1,"374":1},"f":{"0":9,"1":0,"2":0,"3":0,"4":0,"5":0,"6":0,"7":0,"8":27,"9":27,"10":0,"11":2,"12":8,"13":2,"14":0,"15":0,"16":0,"17":0,"18":0,"19":0,"20":1,"21":0,"22":0,"23":0,"24":0,"25":0,"26":0,"27":0,"28":0,"29":0,"30":0,"31":0,"32":0,"33":0,"34":0,"35":0,"36":0,"37":0,"38":0,"39":0,"40":0,"41":0,"42":0,"43":1,"44":1},"b":{"0":[1,1],"1":[0,0],"2":[0,0],"3":[0,0],"4":[0,0],"5":[0,0],"6":[0,0],"7":[0,0],"8":[2,0],"9":[0,0],"10":[0,0],"11":[0,0],"12":[0,0],"13":[0,0],"14":[0,0],"15":[0,0],"16":[0,0],"17":[0,0],"18":[0,1],"19":[0,0],"20":[0,0],"21":[0,0],"22":[0,0],"23":[0,0],"24":[0,0],"25":[0,0],"26":[0,0],"27":[0,0],"28":[0,0],"29":[0,0],"30":[0,0],"31":[0,0],"32":[0,0],"33":[0,0],"34":[0,1]},"_coverageSchema":"1a1c01bbd47fc00a2c39e90264f33305004495a9","hash":"340de80e653a78d4726e03533d5b1f4d3a818419"}
,"/home/godlord/project/models/chapters.js": {"path":"/home/godlord/project/models/chapters.js","statementMap":{"0":{"start":{"line":2,"column":20},"end":{"line":2,"column":38}},"1":{"start":{"line":5,"column":4},"end":{"line":5,"column":24}},"2":{"start":{"line":6,"column":0},"end":{"line":41,"column":2}},"3":{"start":{"line":14,"column":6},"end":{"line":17,"column":10}},"4":{"start":{"line":20,"column":6},"end":{"line":20,"column":27}},"5":{"start":{"line":24,"column":6},"end":{"line":26,"column":9}},"6":{"start":{"line":27,"column":6},"end":{"line":29,"column":9}},"7":{"start":{"line":32,"column":2},"end":{"line":39,"column":5}},"8":{"start":{"line":40,"column":2},"end":{"line":40,"column":18}}},"fnMap":{"0":{"name":"(anonymous_0)","decl":{"start":{"line":6,"column":17},"end":{"line":6,"column":18}},"loc":{"start":{"line":6,"column":43},"end":{"line":41,"column":1}},"line":6},"1":{"name":"(anonymous_1)","decl":{"start":{"line":13,"column":4},"end":{"line":13,"column":5}},"loc":{"start":{"line":13,"column":68},"end":{"line":18,"column":5}},"line":13},"2":{"name":"(anonymous_2)","decl":{"start":{"line":19,"column":4},"end":{"line":19,"column":5}},"loc":{"start":{"line":19,"column":25},"end":{"line":21,"column":5}},"line":19},"3":{"name":"(anonymous_3)","decl":{"start":{"line":22,"column":4},"end":{"line":22,"column":5}},"loc":{"start":{"line":22,"column":29},"end":{"line":30,"column":5}},"line":22}},"branchMap":{},"s":{"0":1,"1":1,"2":1,"3":0,"4":0,"5":1,"6":1,"7":1,"8":1},"f":{"0":1,"1":0,"2":0,"3":1},"b":{},"_coverageSchema":"1a1c01bbd47fc00a2c39e90264f33305004495a9","hash":"51d1645db3792e26f59a75b42f05488fca2b1baf"}
,"/home/godlord/project/models/courses.js": {"path":"/home/godlord/project/models/courses.js","statementMap":{"0":{"start":{"line":4,"column":4},"end":{"line":4,"column":24}},"1":{"start":{"line":5,"column":0},"end":{"line":48,"column":2}},"2":{"start":{"line":13,"column":6},"end":{"line":18,"column":10}},"3":{"start":{"line":21,"column":6},"end":{"line":21,"column":55}},"4":{"start":{"line":24,"column":6},"end":{"line":24,"column":27}},"5":{"start":{"line":28,"column":6},"end":{"line":30,"column":9}},"6":{"start":{"line":31,"column":6},"end":{"line":33,"column":9}},"7":{"start":{"line":34,"column":6},"end":{"line":36,"column":9}},"8":{"start":{"line":40,"column":2},"end":{"line":46,"column":5}},"9":{"start":{"line":47,"column":2},"end":{"line":47,"column":17}}},"fnMap":{"0":{"name":"(anonymous_0)","decl":{"start":{"line":5,"column":17},"end":{"line":5,"column":18}},"loc":{"start":{"line":5,"column":43},"end":{"line":48,"column":1}},"line":5},"1":{"name":"(anonymous_1)","decl":{"start":{"line":12,"column":4},"end":{"line":12,"column":5}},"loc":{"start":{"line":12,"column":70},"end":{"line":19,"column":5}},"line":12},"2":{"name":"(anonymous_2)","decl":{"start":{"line":20,"column":4},"end":{"line":20,"column":5}},"loc":{"start":{"line":20,"column":31},"end":{"line":22,"column":5}},"line":20},"3":{"name":"(anonymous_3)","decl":{"start":{"line":23,"column":4},"end":{"line":23,"column":5}},"loc":{"start":{"line":23,"column":25},"end":{"line":25,"column":5}},"line":23},"4":{"name":"(anonymous_4)","decl":{"start":{"line":26,"column":4},"end":{"line":26,"column":5}},"loc":{"start":{"line":26,"column":29},"end":{"line":37,"column":5}},"line":26}},"branchMap":{},"s":{"0":1,"1":1,"2":0,"3":0,"4":0,"5":1,"6":1,"7":1,"8":1,"9":1},"f":{"0":1,"1":0,"2":0,"3":0,"4":1},"b":{},"_coverageSchema":"1a1c01bbd47fc00a2c39e90264f33305004495a9","hash":"2d80ac6a25680df8b35cea7bca93e2a4036b0094"}
,"/home/godlord/project/models/enrollments.js": {"path":"/home/godlord/project/models/enrollments.js","statementMap":{"0":{"start":{"line":4,"column":4},"end":{"line":4,"column":24}},"1":{"start":{"line":5,"column":0},"end":{"line":33,"column":2}},"2":{"start":{"line":14,"column":8},"end":{"line":16,"column":11}},"3":{"start":{"line":17,"column":8},"end":{"line":19,"column":11}},"4":{"start":{"line":22,"column":2},"end":{"line":31,"column":5}},"5":{"start":{"line":32,"column":2},"end":{"line":32,"column":21}}},"fnMap":{"0":{"name":"(anonymous_0)","decl":{"start":{"line":5,"column":17},"end":{"line":5,"column":18}},"loc":{"start":{"line":5,"column":43},"end":{"line":33,"column":1}},"line":5},"1":{"name":"(anonymous_1)","decl":{"start":{"line":12,"column":4},"end":{"line":12,"column":5}},"loc":{"start":{"line":12,"column":29},"end":{"line":20,"column":5}},"line":12}},"branchMap":{},"s":{"0":1,"1":1,"2":1,"3":1,"4":1,"5":1},"f":{"0":1,"1":1},"b":{},"_coverageSchema":"1a1c01bbd47fc00a2c39e90264f33305004495a9","hash":"451b08011d1fccd6a5f259f79003b57be8313b02"}
,"/home/godlord/project/models/index.js": {"path":"/home/godlord/project/models/index.js","statementMap":{"0":{"start":{"line":3,"column":11},"end":{"line":3,"column":24}},"1":{"start":{"line":4,"column":13},"end":{"line":4,"column":28}},"2":{"start":{"line":5,"column":18},"end":{"line":5,"column":38}},"3":{"start":{"line":6,"column":16},"end":{"line":6,"column":34}},"4":{"start":{"line":7,"column":17},"end":{"line":7,"column":42}},"5":{"start":{"line":8,"column":12},"end":{"line":8,"column":49}},"6":{"start":{"line":9,"column":15},"end":{"line":9,"column":65}},"7":{"start":{"line":10,"column":11},"end":{"line":10,"column":13}},"8":{"start":{"line":13,"column":0},"end":{"line":17,"column":1}},"9":{"start":{"line":14,"column":2},"end":{"line":14,"column":74}},"10":{"start":{"line":16,"column":2},"end":{"line":16,"column":87}},"11":{"start":{"line":19,"column":0},"end":{"line":32,"column":5}},"12":{"start":{"line":22,"column":4},"end":{"line":27,"column":6}},"13":{"start":{"line":30,"column":18},"end":{"line":30,"column":85}},"14":{"start":{"line":31,"column":4},"end":{"line":31,"column":27}},"15":{"start":{"line":34,"column":0},"end":{"line":38,"column":3}},"16":{"start":{"line":35,"column":2},"end":{"line":37,"column":3}},"17":{"start":{"line":36,"column":4},"end":{"line":36,"column":32}},"18":{"start":{"line":40,"column":0},"end":{"line":40,"column":25}},"19":{"start":{"line":41,"column":0},"end":{"line":41,"column":25}},"20":{"start":{"line":43,"column":0},"end":{"line":43,"column":20}}},"fnMap":{"0":{"name":"(anonymous_0)","decl":{"start":{"line":21,"column":10},"end":{"line":21,"column":11}},"loc":{"start":{"line":21,"column":18},"end":{"line":28,"column":3}},"line":21},"1":{"name":"(anonymous_1)","decl":{"start":{"line":29,"column":11},"end":{"line":29,"column":12}},"loc":{"start":{"line":29,"column":19},"end":{"line":32,"column":3}},"line":29},"2":{"name":"(anonymous_2)","decl":{"start":{"line":34,"column":24},"end":{"line":34,"column":25}},"loc":{"start":{"line":34,"column":37},"end":{"line":38,"column":1}},"line":34}},"branchMap":{"0":{"loc":{"start":{"line":8,"column":12},"end":{"line":8,"column":49}},"type":"binary-expr","locations":[{"start":{"line":8,"column":12},"end":{"line":8,"column":32}},{"start":{"line":8,"column":36},"end":{"line":8,"column":49}}],"line":8},"1":{"loc":{"start":{"line":13,"column":0},"end":{"line":17,"column":1}},"type":"if","locations":[{"start":{"line":13,"column":0},"end":{"line":17,"column":1}},{"start":{"line":15,"column":7},"end":{"line":17,"column":1}}],"line":13},"2":{"loc":{"start":{"line":23,"column":6},"end":{"line":26,"column":37}},"type":"binary-expr","locations":[{"start":{"line":23,"column":6},"end":{"line":23,"column":29}},{"start":{"line":24,"column":6},"end":{"line":24,"column":23}},{"start":{"line":25,"column":6},"end":{"line":25,"column":30}},{"start":{"line":26,"column":6},"end":{"line":26,"column":37}}],"line":23},"3":{"loc":{"start":{"line":35,"column":2},"end":{"line":37,"column":3}},"type":"if","locations":[{"start":{"line":35,"column":2},"end":{"line":37,"column":3}},{"start":{},"end":{}}],"line":35}},"s":{"0":1,"1":1,"2":1,"3":1,"4":1,"5":1,"6":1,"7":1,"8":1,"9":0,"10":1,"11":1,"12":6,"13":5,"14":5,"15":1,"16":5,"17":5,"18":1,"19":1,"20":1},"f":{"0":6,"1":5,"2":5},"b":{"0":[1,0],"1":[0,1],"2":[6,6,5,5],"3":[5,0]},"_coverageSchema":"1a1c01bbd47fc00a2c39e90264f33305004495a9","hash":"23d06f521d686ce620787e86fd61a6cb5a8a3ba4"}
,"/home/godlord/project/models/pages.js": {"path":"/home/godlord/project/models/pages.js","statementMap":{"0":{"start":{"line":4,"column":4},"end":{"line":4,"column":24}},"1":{"start":{"line":5,"column":0},"end":{"line":24,"column":2}},"2":{"start":{"line":16,"column":2},"end":{"line":22,"column":5}},"3":{"start":{"line":23,"column":2},"end":{"line":23,"column":15}}},"fnMap":{"0":{"name":"(anonymous_0)","decl":{"start":{"line":5,"column":17},"end":{"line":5,"column":18}},"loc":{"start":{"line":5,"column":43},"end":{"line":24,"column":1}},"line":5},"1":{"name":"(anonymous_1)","decl":{"start":{"line":12,"column":4},"end":{"line":12,"column":5}},"loc":{"start":{"line":12,"column":29},"end":{"line":14,"column":5}},"line":12}},"branchMap":{},"s":{"0":1,"1":1,"2":1,"3":1},"f":{"0":1,"1":1},"b":{},"_coverageSchema":"1a1c01bbd47fc00a2c39e90264f33305004495a9","hash":"69e9d55c14f3f504f1b898c1d4df3f3a5db85d0b"}
,"/home/godlord/project/models/users.js": {"path":"/home/godlord/project/models/users.js","statementMap":{"0":{"start":{"line":4,"column":4},"end":{"line":4,"column":24}},"1":{"start":{"line":5,"column":0},"end":{"line":41,"column":2}},"2":{"start":{"line":13,"column":6},"end":{"line":18,"column":9}},"3":{"start":{"line":22,"column":6},"end":{"line":24,"column":9}},"4":{"start":{"line":25,"column":6},"end":{"line":27,"column":9}},"5":{"start":{"line":30,"column":2},"end":{"line":39,"column":5}},"6":{"start":{"line":40,"column":2},"end":{"line":40,"column":15}}},"fnMap":{"0":{"name":"(anonymous_0)","decl":{"start":{"line":5,"column":17},"end":{"line":5,"column":18}},"loc":{"start":{"line":5,"column":43},"end":{"line":41,"column":1}},"line":5},"1":{"name":"(anonymous_1)","decl":{"start":{"line":12,"column":4},"end":{"line":12,"column":5}},"loc":{"start":{"line":12,"column":32},"end":{"line":19,"column":5}},"line":12},"2":{"name":"(anonymous_2)","decl":{"start":{"line":20,"column":4},"end":{"line":20,"column":5}},"loc":{"start":{"line":20,"column":29},"end":{"line":28,"column":5}},"line":20}},"branchMap":{},"s":{"0":1,"1":1,"2":0,"3":1,"4":1,"5":1,"6":1},"f":{"0":1,"1":0,"2":1},"b":{},"_coverageSchema":"1a1c01bbd47fc00a2c39e90264f33305004495a9","hash":"d31c698f806dab4141b38e726f0baf5b387bff31"}
}
