TN:
SF:app.js
FN:38,(anonymous_0)
FN:50,(anonymous_1)
FN:52,(anonymous_2)
FN:70,(anonymous_3)
FN:77,(anonymous_4)
FN:81,(anonymous_5)
FN:83,(anonymous_6)
FN:90,(anonymous_7)
FN:94,(anonymous_8)
FN:98,(anonymous_9)
FN:103,(anonymous_10)
FN:116,(anonymous_11)
FN:121,(anonymous_12)
FN:127,(anonymous_13)
FN:160,(anonymous_14)
FN:186,(anonymous_15)
FN:198,(anonymous_16)
FN:204,(anonymous_17)
FN:212,(anonymous_18)
FN:238,(anonymous_19)
FN:259,(anonymous_20)
FN:268,(anonymous_21)
FN:292,(anonymous_22)
FN:305,(anonymous_23)
FN:335,(anonymous_24)
FN:342,(anonymous_25)
FN:361,(anonymous_26)
FN:389,(anonymous_27)
FN:411,(anonymous_28)
FN:417,(anonymous_29)
FN:424,(anonymous_30)
FN:434,(anonymous_31)
FN:447,(anonymous_32)
FN:472,(anonymous_33)
FN:503,(anonymous_34)
FN:533,(anonymous_35)
FN:562,(anonymous_36)
FN:609,(anonymous_37)
FN:644,(anonymous_38)
FN:663,(anonymous_39)
FN:689,(anonymous_40)
FN:717,(anonymous_41)
FN:764,(anonymous_42)
FN:801,(anonymous_43)
FN:802,(anonymous_44)
FNF:45
FNH:9
FNDA:9,(anonymous_0)
FNDA:0,(anonymous_1)
FNDA:0,(anonymous_2)
FNDA:0,(anonymous_3)
FNDA:0,(anonymous_4)
FNDA:0,(anonymous_5)
FNDA:0,(anonymous_6)
FNDA:0,(anonymous_7)
FNDA:27,(anonymous_8)
FNDA:27,(anonymous_9)
FNDA:0,(anonymous_10)
FNDA:2,(anonymous_11)
FNDA:8,(anonymous_12)
FNDA:2,(anonymous_13)
FNDA:0,(anonymous_14)
FNDA:0,(anonymous_15)
FNDA:0,(anonymous_16)
FNDA:0,(anonymous_17)
FNDA:0,(anonymous_18)
FNDA:0,(anonymous_19)
FNDA:1,(anonymous_20)
FNDA:0,(anonymous_21)
FNDA:0,(anonymous_22)
FNDA:0,(anonymous_23)
FNDA:0,(anonymous_24)
FNDA:0,(anonymous_25)
FNDA:0,(anonymous_26)
FNDA:0,(anonymous_27)
FNDA:0,(anonymous_28)
FNDA:0,(anonymous_29)
FNDA:0,(anonymous_30)
FNDA:0,(anonymous_31)
FNDA:0,(anonymous_32)
FNDA:0,(anonymous_33)
FNDA:0,(anonymous_34)
FNDA:0,(anonymous_35)
FNDA:0,(anonymous_36)
FNDA:0,(anonymous_37)
FNDA:0,(anonymous_38)
FNDA:0,(anonymous_39)
FNDA:0,(anonymous_40)
FNDA:0,(anonymous_41)
FNDA:0,(anonymous_42)
FNDA:1,(anonymous_43)
FNDA:1,(anonymous_44)
DA:1,1
DA:2,1
DA:3,1
DA:4,1
DA:5,1
DA:6,1
DA:7,1
DA:8,1
DA:9,1
DA:10,1
DA:11,1
DA:12,1
DA:13,1
DA:14,1
DA:15,1
DA:16,1
DA:17,1
DA:18,1
DA:19,1
DA:20,1
DA:21,1
DA:22,1
DA:23,1
DA:24,1
DA:25,1
DA:26,1
DA:27,1
DA:28,1
DA:29,1
DA:37,1
DA:38,9
DA:40,1
DA:41,1
DA:42,1
DA:43,1
DA:51,0
DA:53,0
DA:54,0
DA:56,0
DA:58,0
DA:59,0
DA:62,0
DA:63,0
DA:64,0
DA:65,0
DA:67,0
DA:71,0
DA:77,1
DA:78,0
DA:81,1
DA:82,0
DA:84,0
DA:85,0
DA:87,0
DA:91,0
DA:94,1
DA:95,27
DA:96,27
DA:98,1
DA:99,27
DA:100,27
DA:102,1
DA:103,1
DA:104,0
DA:105,0
DA:106,0
DA:108,0
DA:111,0
DA:116,1
DA:117,2
DA:121,1
DA:122,8
DA:127,1
DA:128,2
DA:129,2
DA:130,2
DA:132,0
DA:133,0
DA:134,0
DA:137,0
DA:138,0
DA:139,0
DA:142,0
DA:143,0
DA:144,0
DA:147,0
DA:148,0
DA:149,0
DA:151,0
DA:152,0
DA:153,0
DA:160,0
DA:161,0
DA:162,0
DA:164,0
DA:165,0
DA:166,0
DA:167,0
DA:170,0
DA:174,0
DA:175,0
DA:180,1
DA:188,0
DA:189,0
DA:190,0
DA:191,0
DA:193,0
DA:198,1
DA:199,0
DA:200,0
DA:203,1
DA:204,0
DA:205,0
DA:209,1
DA:213,0
DA:214,0
DA:215,0
DA:216,0
DA:217,0
DA:218,0
DA:219,0
DA:229,0
DA:230,0
DA:235,1
DA:239,0
DA:240,0
DA:241,0
DA:242,0
DA:243,0
DA:244,0
DA:245,0
DA:254,0
DA:255,0
DA:259,1
DA:260,1
DA:262,1
DA:268,1
DA:269,0
DA:270,0
DA:271,0
DA:272,0
DA:273,0
DA:274,0
DA:275,0
DA:277,0
DA:278,0
DA:281,0
DA:283,0
DA:284,0
DA:285,0
DA:289,1
DA:293,0
DA:294,0
DA:302,1
DA:306,0
DA:307,0
DA:308,0
DA:311,0
DA:312,0
DA:313,0
DA:315,0
DA:316,0
DA:317,0
DA:323,0
DA:326,0
DA:327,0
DA:332,1
DA:336,0
DA:337,0
DA:338,0
DA:341,0
DA:342,0
DA:344,0
DA:345,0
DA:352,0
DA:353,0
DA:358,1
DA:362,0
DA:363,0
DA:365,0
DA:366,0
DA:367,0
DA:368,0
DA:370,0
DA:372,0
DA:380,0
DA:381,0
DA:386,1
DA:390,0
DA:391,0
DA:393,0
DA:394,0
DA:395,0
DA:396,0
DA:398,0
DA:399,0
DA:406,0
DA:407,0
DA:411,1
DA:412,0
DA:417,1
DA:418,0
DA:424,1
DA:425,0
DA:431,1
DA:435,0
DA:436,0
DA:438,0
DA:439,0
DA:440,0
DA:441,0
DA:443,0
DA:446,0
DA:448,0
DA:449,0
DA:454,0
DA:456,0
DA:464,0
DA:465,0
DA:472,1
DA:473,0
DA:474,0
DA:475,0
DA:476,0
DA:477,0
DA:478,0
DA:479,0
DA:480,0
DA:481,0
DA:482,0
DA:483,0
DA:485,0
DA:495,0
DA:496,0
DA:500,1
DA:504,0
DA:505,0
DA:506,0
DA:507,0
DA:508,0
DA:509,0
DA:510,0
DA:518,0
DA:530,1
DA:534,0
DA:535,0
DA:536,0
DA:537,0
DA:538,0
DA:539,0
DA:540,0
DA:541,0
DA:543,0
DA:544,0
DA:551,0
DA:556,0
DA:557,0
DA:562,1
DA:563,0
DA:564,0
DA:565,0
DA:566,0
DA:567,0
DA:568,0
DA:569,0
DA:571,0
DA:572,0
DA:573,0
DA:574,0
DA:575,0
DA:576,0
DA:577,0
DA:578,0
DA:580,0
DA:583,0
DA:587,0
DA:590,0
DA:606,1
DA:610,0
DA:611,0
DA:612,0
DA:613,0
DA:614,0
DA:615,0
DA:616,0
DA:617,0
DA:618,0
DA:619,0
DA:620,0
DA:624,0
DA:625,0
DA:631,0
DA:635,0
DA:636,0
DA:641,1
DA:645,0
DA:646,0
DA:647,0
DA:650,0
DA:652,0
DA:654,0
DA:659,0
DA:663,1
DA:664,0
DA:665,0
DA:666,0
DA:667,0
DA:668,0
DA:669,0
DA:670,0
DA:671,0
DA:672,0
DA:673,0
DA:674,0
DA:675,0
DA:689,1
DA:690,0
DA:691,0
DA:692,0
DA:693,0
DA:694,0
DA:695,0
DA:696,0
DA:697,0
DA:698,0
DA:699,0
DA:700,0
DA:701,0
DA:702,0
DA:717,1
DA:718,0
DA:719,0
DA:720,0
DA:721,0
DA:722,0
DA:723,0
DA:725,0
DA:726,0
DA:727,0
DA:728,0
DA:729,0
DA:732,0
DA:736,0
DA:738,0
DA:739,0
DA:742,0
DA:751,0
DA:753,0
DA:754,0
DA:761,1
DA:765,0
DA:766,0
DA:767,0
DA:768,0
DA:769,0
DA:770,0
DA:772,0
DA:774,0
DA:776,0
DA:780,0
DA:783,0
DA:784,0
DA:787,0
DA:790,0
DA:793,0
DA:795,0
DA:796,0
DA:801,1
DA:802,1
DA:803,1
DA:804,0
DA:806,1
DA:811,1
LF:373
LH:86
BRDA:8,0,0,1
BRDA:8,0,1,1
BRDA:53,1,0,0
BRDA:53,1,1,0
BRDA:58,2,0,0
BRDA:58,2,1,0
BRDA:62,3,0,0
BRDA:62,3,1,0
BRDA:64,4,0,0
BRDA:64,4,1,0
BRDA:84,5,0,0
BRDA:84,5,1,0
BRDA:104,6,0,0
BRDA:104,6,1,0
BRDA:105,7,0,0
BRDA:105,7,1,0
BRDA:128,8,0,2
BRDA:128,8,1,0
BRDA:132,9,0,0
BRDA:132,9,1,0
BRDA:137,10,0,0
BRDA:137,10,1,0
BRDA:142,11,0,0
BRDA:142,11,1,0
BRDA:147,12,0,0
BRDA:147,12,1,0
BRDA:161,13,0,0
BRDA:161,13,1,0
BRDA:164,14,0,0
BRDA:164,14,1,0
BRDA:166,15,0,0
BRDA:166,15,1,0
BRDA:188,16,0,0
BRDA:188,16,1,0
BRDA:190,17,0,0
BRDA:190,17,1,0
BRDA:203,18,0,0
BRDA:203,18,1,1
BRDA:273,19,0,0
BRDA:273,19,1,0
BRDA:306,20,0,0
BRDA:306,20,1,0
BRDA:311,21,0,0
BRDA:311,21,1,0
BRDA:362,22,0,0
BRDA:362,22,1,0
BRDA:367,23,0,0
BRDA:367,23,1,0
BRDA:390,24,0,0
BRDA:390,24,1,0
BRDA:395,25,0,0
BRDA:395,25,1,0
BRDA:435,26,0,0
BRDA:435,26,1,0
BRDA:440,27,0,0
BRDA:440,27,1,0
BRDA:482,28,0,0
BRDA:482,28,1,0
BRDA:580,29,0,0
BRDA:580,29,1,0
BRDA:650,30,0,0
BRDA:650,30,1,0
BRDA:736,31,0,0
BRDA:736,31,1,0
BRDA:774,32,0,0
BRDA:774,32,1,0
BRDA:793,33,0,0
BRDA:793,33,1,0
BRDA:803,34,0,0
BRDA:803,34,1,1
BRF:70
BRH:5
end_of_record
TN:
SF:models/chapters.js
FN:6,(anonymous_0)
FN:13,(anonymous_1)
FN:19,(anonymous_2)
FN:22,(anonymous_3)
FNF:4
FNH:2
FNDA:1,(anonymous_0)
FNDA:0,(anonymous_1)
FNDA:0,(anonymous_2)
FNDA:1,(anonymous_3)
DA:2,1
DA:5,1
DA:6,1
DA:14,0
DA:20,0
DA:24,1
DA:27,1
DA:32,1
DA:40,1
LF:9
LH:7
BRF:0
BRH:0
end_of_record
TN:
SF:models/courses.js
FN:5,(anonymous_0)
FN:12,(anonymous_1)
FN:20,(anonymous_2)
FN:23,(anonymous_3)
FN:26,(anonymous_4)
FNF:5
FNH:2
FNDA:1,(anonymous_0)
FNDA:0,(anonymous_1)
FNDA:0,(anonymous_2)
FNDA:0,(anonymous_3)
FNDA:1,(anonymous_4)
DA:4,1
DA:5,1
DA:13,0
DA:21,0
DA:24,0
DA:28,1
DA:31,1
DA:34,1
DA:40,1
DA:47,1
LF:10
LH:7
BRF:0
BRH:0
end_of_record
TN:
SF:models/enrollments.js
FN:5,(anonymous_0)
FN:12,(anonymous_1)
FNF:2
FNH:2
FNDA:1,(anonymous_0)
FNDA:1,(anonymous_1)
DA:4,1
DA:5,1
DA:14,1
DA:17,1
DA:22,1
DA:32,1
LF:6
LH:6
BRF:0
BRH:0
end_of_record
TN:
SF:models/index.js
FN:21,(anonymous_0)
FN:29,(anonymous_1)
FN:34,(anonymous_2)
FNF:3
FNH:3
FNDA:6,(anonymous_0)
FNDA:5,(anonymous_1)
FNDA:5,(anonymous_2)
DA:3,1
DA:4,1
DA:5,1
DA:6,1
DA:7,1
DA:8,1
DA:9,1
DA:10,1
DA:13,1
DA:14,0
DA:16,1
DA:19,1
DA:22,6
DA:30,5
DA:31,5
DA:34,1
DA:35,5
DA:36,5
DA:40,1
DA:41,1
DA:43,1
LF:21
LH:20
BRDA:8,0,0,1
BRDA:8,0,1,0
BRDA:13,1,0,0
BRDA:13,1,1,1
BRDA:23,2,0,6
BRDA:23,2,1,6
BRDA:23,2,2,5
BRDA:23,2,3,5
BRDA:35,3,0,5
BRDA:35,3,1,0
BRF:10
BRH:7
end_of_record
TN:
SF:models/pages.js
FN:5,(anonymous_0)
FN:12,(anonymous_1)
FNF:2
FNH:2
FNDA:1,(anonymous_0)
FNDA:1,(anonymous_1)
DA:4,1
DA:5,1
DA:16,1
DA:23,1
LF:4
LH:4
BRF:0
BRH:0
end_of_record
TN:
SF:models/users.js
FN:5,(anonymous_0)
FN:12,(anonymous_1)
FN:20,(anonymous_2)
FNF:3
FNH:2
FNDA:1,(anonymous_0)
FNDA:0,(anonymous_1)
FNDA:1,(anonymous_2)
DA:4,1
DA:5,1
DA:13,0
DA:22,1
DA:25,1
DA:30,1
DA:40,1
LF:7
LH:6
BRF:0
BRH:0
end_of_record
